<?xml version="1.0" encoding="UTF-8"?>
<testsuite xmlns:xsi="http://www.w3.org/2001/XMLSchema-instance" xsi:noNamespaceSchemaLocation="https://maven.apache.org/surefire/maven-surefire-plugin/xsd/surefire-test-report.xsd" version="3.0.1" name="com.mycompany.app.LibraryTest" time="1.722" tests="16" errors="0" skipped="0" failures="0">
  <properties>
[...]
</properties>
  <testcase name="borrowBook_shouldReturnTrueIfBookIsAvailable" classname="com.mycompany.app.LibraryTest" time="1.445">
    <system-out><![CDATA[Début des tests
========================================================================
Test emprunt de livre si disponible
Success
========================================================================
]]></system-out>
    <system-err><![CDATA[Mockito is currently self-attaching to enable the inline-mock-maker. This will no longer work in future releases of the JDK. Please add Mockito as an agent to your build as described in Mockito's documentation: https://javadoc.io/doc/org.mockito/mockito-core/latest/org.mockito/org/mockito/Mockito.html#0.3
WARNING: A Java agent has been loaded dynamically (C:\Users\tommy\.m2\repository\net\bytebuddy\byte-buddy-agent\1.17.7\byte-buddy-agent-1.17.7.jar)
WARNING: If a serviceability tool is in use, please run with -XX:+EnableDynamicAgentLoading to hide this warning
WARNING: If a serviceability tool is not in use, please run with -Djdk.instrument.traceUsage for more information
WARNING: Dynamic loading of agents will be disallowed by default in a future release
]]></system-err>
  </testcase>
  <testcase name="fetchBookDetails_shouldThrowExceptionIfBookIsNull" classname="com.mycompany.app.LibraryTest" time="0.069">
    <system-out><![CDATA[Test service details de livre
Success
========================================================================
]]></system-out>
  </testcase>
  <testcase name="countAvailableBooks_shouldReturnNumberOfAvailableBooks(int, int)[1]" classname="com.mycompany.app.LibraryTest" time="0.043">
    <system-out><![CDATA[Test nombre de livres disponibles
Success
========================================================================
]]></system-out>
  </testcase>
  <testcase name="countAvailableBooks_shouldReturnNumberOfAvailableBooks(int, int)[2]" classname="com.mycompany.app.LibraryTest" time="0.003">
    <system-out><![CDATA[Test nombre de livres disponibles
Success
========================================================================
]]></system-out>
  </testcase>
  <testcase name="countAvailableBooks_shouldReturnNumberOfAvailableBooks(int, int)[3]" classname="com.mycompany.app.LibraryTest" time="0.002">
    <system-out><![CDATA[Test nombre de livres disponibles
Success
========================================================================
]]></system-out>
  </testcase>
  <testcase name="isBookAvailable_shouldReturnFalseIfBookIsNotAvailable" classname="com.mycompany.app.LibraryTest" time="0.003">
    <system-out><![CDATA[Test service disponibilité de livre
Success
========================================================================
]]></system-out>
  </testcase>
  <testcase name="isBookAvailable_shouldReturnTrueIfBookIsAvailable" classname="com.mycompany.app.LibraryTest" time="0.002">
    <system-out><![CDATA[Test service disponibilité de livre
Success
========================================================================
]]></system-out>
  </testcase>
  <testcase name="fetchBookDetails_shouldAddBookIfExists" classname="com.mycompany.app.LibraryTest" time="0.004">
    <system-out><![CDATA[Test service details de livre
Success
========================================================================
]]></system-out>
  </testcase>
  <testcase name="addBook_shouldAddBookToLibrary" classname="com.mycompany.app.LibraryTest" time="0.002">
    <system-out><![CDATA[Test ajout de livre
Success
========================================================================
]]></system-out>
  </testcase>
  <testcase name="checkExternalAvailability_shouldReturnTrueIfBookIsAvailable(int)[1]" classname="com.mycompany.app.LibraryTest" time="0.004">
    <system-out><![CDATA[Test service disponibilité de livre
Success
========================================================================
]]></system-out>
  </testcase>
  <testcase name="checkExternalAvailability_shouldReturnTrueIfBookIsAvailable(int)[2]" classname="com.mycompany.app.LibraryTest" time="0.003">
    <system-out><![CDATA[Test service disponibilité de livre
Success
========================================================================
]]></system-out>
  </testcase>
  <testcase name="checkExternalAvailability_shouldReturnTrueIfBookIsAvailable(int)[3]" classname="com.mycompany.app.LibraryTest" time="0.007">
    <system-out><![CDATA[Test service disponibilité de livre
Success
========================================================================
]]></system-out>
  </testcase>
  <testcase name="borrowBook_shouldReturnFalseIfBookIsNotAvailable" classname="com.mycompany.app.LibraryTest" time="0.001">
    <system-out><![CDATA[Test emprunt de livre si indisponible
Success
========================================================================
]]></system-out>
  </testcase>
  <testcase name="returnBook_shouldReturnFalseIfBookDoesNotExist" classname="com.mycompany.app.LibraryTest" time="0.001">
    <system-out><![CDATA[Test retour de livre si non existant
Success
========================================================================
]]></system-out>
  </testcase>
  <testcase name="returnBook_shouldReturnTrueIfBookIsAvailable" classname="com.mycompany.app.LibraryTest" time="0.002">
    <system-out><![CDATA[Test retour de livre
Success
========================================================================
]]></system-out>
  </testcase>
  <testcase name="borrowBook_shouldReturnFalseIfBookDoesNotExist" classname="com.mycompany.app.LibraryTest" time="0.001">
    <system-out><![CDATA[Test emprunt de livre si non existant
Success
========================================================================
]]></system-out>
  </testcase>
</testsuite>